app/build/intermediates/manifest_merge_blame_file/debug/processDebugMainManifest/manifest-merger-blame-debug-report.txt
1<?xml version="1.0" encoding="utf-8"?>
2<manifest xmlns:android="http://schemas.android.com/apk/res/android"
3    package="com.educarpool"
4    android:versionCode="1"
5    android:versionName="1.0" >
6
7    <uses-sdk
8        android:minSdkVersion="26"
9        android:targetSdkVersion="34" />
10
11    <!-- Internet Permissions -->
12    <uses-permission android:name="android.permission.INTERNET" />
12-->src\main\AndroidManifest.xml:6:5-67
12-->src\main\AndroidManifest.xml:6:22-64
13    <uses-permission android:name="android.permission.ACCESS_NETWORK_STATE" />
13-->src\main\AndroidManifest.xml:7:5-79
13-->src\main\AndroidManifest.xml:7:22-76
14
15    <!-- Location Permissions for Maps -->
16    <uses-permission android:name="android.permission.ACCESS_COARSE_LOCATION" />
16-->src\main\AndroidManifest.xml:10:5-81
16-->src\main\AndroidManifest.xml:10:22-78
17    <uses-permission android:name="android.permission.ACCESS_FINE_LOCATION" />
17-->src\main\AndroidManifest.xml:11:5-79
17-->src\main\AndroidManifest.xml:11:22-76
18
19    <!-- Storage Permissions for Image Upload -->
20    <uses-permission
20-->src\main\AndroidManifest.xml:14:5-16:40
21        android:name="android.permission.READ_EXTERNAL_STORAGE"
21-->src\main\AndroidManifest.xml:14:22-77
22        android:maxSdkVersion="32" />
22-->src\main\AndroidManifest.xml:15:9-35
23    <uses-permission android:name="android.permission.READ_MEDIA_IMAGES" />
23-->src\main\AndroidManifest.xml:17:5-76
23-->src\main\AndroidManifest.xml:17:22-73
24    <uses-permission android:name="android.permission.CAMERA" />
24-->src\main\AndroidManifest.xml:18:5-65
24-->src\main\AndroidManifest.xml:18:22-62
25
26    <!-- NEW: Agreement Reminder Permissions -->
27    <uses-permission android:name="android.permission.WAKE_LOCK" />
27-->src\main\AndroidManifest.xml:21:5-68
27-->src\main\AndroidManifest.xml:21:22-65
28    <uses-permission android:name="android.permission.SCHEDULE_EXACT_ALARM" />
28-->src\main\AndroidManifest.xml:22:5-79
28-->src\main\AndroidManifest.xml:22:22-76
29    <uses-permission android:name="android.permission.POST_NOTIFICATIONS" />
29-->src\main\AndroidManifest.xml:23:5-77
29-->src\main\AndroidManifest.xml:23:22-74
30
31    <!-- Camera feature (not required - app will work without camera) -->
32    <uses-feature
32-->src\main\AndroidManifest.xml:26:5-85
33        android:name="android.hardware.camera"
33-->src\main\AndroidManifest.xml:26:19-57
34        android:required="false" />
34-->src\main\AndroidManifest.xml:26:58-82
35    <uses-feature
35-->src\main\AndroidManifest.xml:27:5-95
36        android:name="android.hardware.camera.autofocus"
36-->src\main\AndroidManifest.xml:27:19-67
37        android:required="false" />
37-->src\main\AndroidManifest.xml:27:68-92
38    <uses-feature
38-->[com.google.android.gms:play-services-maps:18.1.0] AndroidManifest.xml:26:5-28:35
39        android:glEsVersion="0x00020000"
39-->[com.google.android.gms:play-services-maps:18.1.0] AndroidManifest.xml:27:9-41
40        android:required="true" />
40-->[com.google.android.gms:play-services-maps:18.1.0] AndroidManifest.xml:28:9-32
41
42    <queries>
42-->[com.google.android.gms:play-services-maps:18.1.0] AndroidManifest.xml:30:5-34:15
43
44        <!-- Needs to be explicitly declared on Android R+ -->
45        <package android:name="com.google.android.apps.maps" />
45-->[com.google.android.gms:play-services-maps:18.1.0] AndroidManifest.xml:33:9-64
45-->[com.google.android.gms:play-services-maps:18.1.0] AndroidManifest.xml:33:18-61
46    </queries>
47
48    <uses-permission android:name="android.permission.RECEIVE_BOOT_COMPLETED" />
48-->[androidx.work:work-runtime:2.8.1] AndroidManifest.xml:25:5-81
48-->[androidx.work:work-runtime:2.8.1] AndroidManifest.xml:25:22-78
49    <uses-permission android:name="android.permission.FOREGROUND_SERVICE" />
49-->[androidx.work:work-runtime:2.8.1] AndroidManifest.xml:26:5-77
49-->[androidx.work:work-runtime:2.8.1] AndroidManifest.xml:26:22-74
50
51    <permission
51-->[androidx.core:core:1.12.0] AndroidManifest.xml:22:5-24:47
52        android:name="com.educarpool.DYNAMIC_RECEIVER_NOT_EXPORTED_PERMISSION"
52-->[androidx.core:core:1.12.0] AndroidManifest.xml:23:9-81
53        android:protectionLevel="signature" />
53-->[androidx.core:core:1.12.0] AndroidManifest.xml:24:9-44
54
55    <uses-permission android:name="com.educarpool.DYNAMIC_RECEIVER_NOT_EXPORTED_PERMISSION" />
55-->[androidx.core:core:1.12.0] AndroidManifest.xml:26:5-97
55-->[androidx.core:core:1.12.0] AndroidManifest.xml:26:22-94
56
57    <application
57-->src\main\AndroidManifest.xml:29:5-124:19
58        android:allowBackup="true"
58-->src\main\AndroidManifest.xml:30:9-35
59        android:appComponentFactory="androidx.core.app.CoreComponentFactory"
59-->[androidx.core:core:1.12.0] AndroidManifest.xml:28:18-86
60        android:dataExtractionRules="@xml/data_extraction_rules"
60-->src\main\AndroidManifest.xml:31:9-65
61        android:debuggable="true"
62        android:extractNativeLibs="false"
63        android:fullBackupContent="@xml/backup_rules"
63-->src\main\AndroidManifest.xml:32:9-54
64        android:icon="@mipmap/ic_launcher"
64-->src\main\AndroidManifest.xml:33:9-43
65        android:label="@string/app_name"
65-->src\main\AndroidManifest.xml:34:9-41
66        android:roundIcon="@mipmap/ic_launcher_round"
66-->src\main\AndroidManifest.xml:35:9-54
67        android:supportsRtl="true"
67-->src\main\AndroidManifest.xml:36:9-35
68        android:testOnly="true"
69        android:theme="@style/Theme.EduCarpool"
69-->src\main\AndroidManifest.xml:37:9-48
70        android:usesCleartextTraffic="true" >
70-->src\main\AndroidManifest.xml:38:9-44
71
72        <!-- Google Maps API Key -->
73        <meta-data
73-->src\main\AndroidManifest.xml:43:9-45:71
74            android:name="com.google.android.geo.API_KEY"
74-->src\main\AndroidManifest.xml:44:13-58
75            android:value="AIzaSyB6WmzAWb12sdN9oETPShgBSqkaaSlhO7w" />
75-->src\main\AndroidManifest.xml:45:13-68
76
77        <!-- Main Activity -->
78        <activity
78-->src\main\AndroidManifest.xml:48:9-55:20
79            android:name="com.educarpool.MainActivity"
79-->src\main\AndroidManifest.xml:49:13-41
80            android:exported="true" >
80-->src\main\AndroidManifest.xml:50:13-36
81            <intent-filter>
81-->src\main\AndroidManifest.xml:51:13-54:29
82                <action android:name="android.intent.action.MAIN" />
82-->src\main\AndroidManifest.xml:52:17-69
82-->src\main\AndroidManifest.xml:52:25-66
83
84                <category android:name="android.intent.category.LAUNCHER" />
84-->src\main\AndroidManifest.xml:53:17-77
84-->src\main\AndroidManifest.xml:53:27-74
85            </intent-filter>
86        </activity>
87
88        <!-- Login Activity -->
89        <activity
89-->src\main\AndroidManifest.xml:58:9-60:40
90            android:name="com.educarpool.LoginActivity"
90-->src\main\AndroidManifest.xml:59:13-42
91            android:exported="false" />
91-->src\main\AndroidManifest.xml:60:13-37
92
93        <!-- Register Activity -->
94        <activity
94-->src\main\AndroidManifest.xml:63:9-65:40
95            android:name="com.educarpool.RegisterActivity"
95-->src\main\AndroidManifest.xml:64:13-45
96            android:exported="false" />
96-->src\main\AndroidManifest.xml:65:13-37
97
98        <!-- Admin Dashboard Activity -->
99        <activity
99-->src\main\AndroidManifest.xml:68:9-70:40
100            android:name="com.educarpool.AdminDashboardActivity"
100-->src\main\AndroidManifest.xml:69:13-51
101            android:exported="false" />
101-->src\main\AndroidManifest.xml:70:13-37
102
103        <!-- Passenger Dashboard Activity -->
104        <activity
104-->src\main\AndroidManifest.xml:73:9-75:40
105            android:name="com.educarpool.PassengerDashboardActivity"
105-->src\main\AndroidManifest.xml:74:13-55
106            android:exported="false" />
106-->src\main\AndroidManifest.xml:75:13-37
107
108        <!-- Driver Dashboard Activity -->
109        <activity
109-->src\main\AndroidManifest.xml:78:9-80:40
110            android:name="com.educarpool.DriverDashboardActivity"
110-->src\main\AndroidManifest.xml:79:13-52
111            android:exported="false" />
111-->src\main\AndroidManifest.xml:80:13-37
112
113        <!-- Verification Pending Activity -->
114        <activity
114-->src\main\AndroidManifest.xml:83:9-85:40
115            android:name="com.educarpool.VerificationPendingActivity"
115-->src\main\AndroidManifest.xml:84:13-56
116            android:exported="false" />
116-->src\main\AndroidManifest.xml:85:13-37
117
118        <!-- Carpool Matches Activity -->
119        <activity
119-->src\main\AndroidManifest.xml:88:9-90:40
120            android:name="com.educarpool.CarpoolMatchesActivity"
120-->src\main\AndroidManifest.xml:89:13-51
121            android:exported="false" />
121-->src\main\AndroidManifest.xml:90:13-37
122
123        <!-- Chat Activity -->
124        <activity
124-->src\main\AndroidManifest.xml:93:9-95:40
125            android:name="com.educarpool.ChatActivity"
125-->src\main\AndroidManifest.xml:94:13-41
126            android:exported="false" />
126-->src\main\AndroidManifest.xml:95:13-37
127
128        <!-- Agreement -->
129        <activity
129-->src\main\AndroidManifest.xml:98:9-100:55
130            android:name="com.educarpool.AgreementPanelActivity"
130-->src\main\AndroidManifest.xml:99:13-51
131            android:theme="@style/Theme.EduCarpool" />
131-->src\main\AndroidManifest.xml:100:13-52
132
133        <!-- Profile Activity -->
134        <activity
134-->src\main\AndroidManifest.xml:103:9-105:40
135            android:name="com.educarpool.ProfileActivity"
135-->src\main\AndroidManifest.xml:104:13-44
136            android:exported="false" />
136-->src\main\AndroidManifest.xml:105:13-37
137
138        <!-- Agreement Reminder Broadcast Receiver -->
139        <receiver
139-->src\main\AndroidManifest.xml:108:9-111:40
140            android:name="com.educarpool.AgreementReminderReceiver"
140-->src\main\AndroidManifest.xml:109:13-54
141            android:enabled="true"
141-->src\main\AndroidManifest.xml:110:13-35
142            android:exported="false" />
142-->src\main\AndroidManifest.xml:111:13-37
143
144        <!-- File Provider for Image Sharing -->
145        <provider
146            android:name="androidx.core.content.FileProvider"
146-->src\main\AndroidManifest.xml:115:13-62
147            android:authorities="com.educarpool.fileprovider"
147-->src\main\AndroidManifest.xml:116:13-64
148            android:exported="false"
148-->src\main\AndroidManifest.xml:117:13-37
149            android:grantUriPermissions="true" >
149-->src\main\AndroidManifest.xml:118:13-47
150            <meta-data
150-->src\main\AndroidManifest.xml:119:13-121:54
151                android:name="android.support.FILE_PROVIDER_PATHS"
151-->src\main\AndroidManifest.xml:120:17-67
152                android:resource="@xml/file_paths" />
152-->src\main\AndroidManifest.xml:121:17-51
153        </provider>
154
155        <activity
155-->[com.karumi:dexter:6.2.3] AndroidManifest.xml:27:9-29:72
156            android:name="com.karumi.dexter.DexterActivity"
156-->[com.karumi:dexter:6.2.3] AndroidManifest.xml:28:13-60
157            android:theme="@style/Dexter.Internal.Theme.Transparent" /> <!-- Needs to be explicitly declared on P+ -->
157-->[com.karumi:dexter:6.2.3] AndroidManifest.xml:29:13-69
158        <uses-library
158-->[com.google.android.gms:play-services-maps:18.1.0] AndroidManifest.xml:39:9-41:40
159            android:name="org.apache.http.legacy"
159-->[com.google.android.gms:play-services-maps:18.1.0] AndroidManifest.xml:40:13-50
160            android:required="false" />
160-->[com.google.android.gms:play-services-maps:18.1.0] AndroidManifest.xml:41:13-37
161
162        <activity
162-->[com.google.android.gms:play-services-base:18.1.0] AndroidManifest.xml:20:9-22:45
163            android:name="com.google.android.gms.common.api.GoogleApiActivity"
163-->[com.google.android.gms:play-services-base:18.1.0] AndroidManifest.xml:20:19-85
164            android:exported="false"
164-->[com.google.android.gms:play-services-base:18.1.0] AndroidManifest.xml:22:19-43
165            android:theme="@android:style/Theme.Translucent.NoTitleBar" />
165-->[com.google.android.gms:play-services-base:18.1.0] AndroidManifest.xml:21:19-78
166
167        <meta-data
167-->[com.google.android.gms:play-services-basement:18.1.0] AndroidManifest.xml:21:9-23:69
168            android:name="com.google.android.gms.version"
168-->[com.google.android.gms:play-services-basement:18.1.0] AndroidManifest.xml:22:13-58
169            android:value="@integer/google_play_services_version" />
169-->[com.google.android.gms:play-services-basement:18.1.0] AndroidManifest.xml:23:13-66
170
171        <provider
171-->[androidx.work:work-runtime:2.8.1] AndroidManifest.xml:29:9-37:20
172            android:name="androidx.startup.InitializationProvider"
172-->[androidx.work:work-runtime:2.8.1] AndroidManifest.xml:30:13-67
173            android:authorities="com.educarpool.androidx-startup"
173-->[androidx.work:work-runtime:2.8.1] AndroidManifest.xml:31:13-68
174            android:exported="false" >
174-->[androidx.work:work-runtime:2.8.1] AndroidManifest.xml:32:13-37
175            <meta-data
175-->[androidx.work:work-runtime:2.8.1] AndroidManifest.xml:34:13-36:52
176                android:name="androidx.work.WorkManagerInitializer"
176-->[androidx.work:work-runtime:2.8.1] AndroidManifest.xml:35:17-68
177                android:value="androidx.startup" />
177-->[androidx.work:work-runtime:2.8.1] AndroidManifest.xml:36:17-49
178            <meta-data
178-->[androidx.emoji2:emoji2:1.2.0] AndroidManifest.xml:29:13-31:52
179                android:name="androidx.emoji2.text.EmojiCompatInitializer"
179-->[androidx.emoji2:emoji2:1.2.0] AndroidManifest.xml:30:17-75
180                android:value="androidx.startup" />
180-->[androidx.emoji2:emoji2:1.2.0] AndroidManifest.xml:31:17-49
181            <meta-data
181-->[androidx.lifecycle:lifecycle-process:2.7.0] AndroidManifest.xml:29:13-31:52
182                android:name="androidx.lifecycle.ProcessLifecycleInitializer"
182-->[androidx.lifecycle:lifecycle-process:2.7.0] AndroidManifest.xml:30:17-78
183                android:value="androidx.startup" />
183-->[androidx.lifecycle:lifecycle-process:2.7.0] AndroidManifest.xml:31:17-49
184            <meta-data
184-->[androidx.profileinstaller:profileinstaller:1.3.0] AndroidManifest.xml:29:13-31:52
185                android:name="androidx.profileinstaller.ProfileInstallerInitializer"
185-->[androidx.profileinstaller:profileinstaller:1.3.0] AndroidManifest.xml:30:17-85
186                android:value="androidx.startup" />
186-->[androidx.profileinstaller:profileinstaller:1.3.0] AndroidManifest.xml:31:17-49
187        </provider>
188
189        <service
189-->[androidx.work:work-runtime:2.8.1] AndroidManifest.xml:39:9-45:35
190            android:name="androidx.work.impl.background.systemalarm.SystemAlarmService"
190-->[androidx.work:work-runtime:2.8.1] AndroidManifest.xml:40:13-88
191            android:directBootAware="false"
191-->[androidx.work:work-runtime:2.8.1] AndroidManifest.xml:41:13-44
192            android:enabled="@bool/enable_system_alarm_service_default"
192-->[androidx.work:work-runtime:2.8.1] AndroidManifest.xml:42:13-72
193            android:exported="false" />
193-->[androidx.work:work-runtime:2.8.1] AndroidManifest.xml:43:13-37
194        <service
194-->[androidx.work:work-runtime:2.8.1] AndroidManifest.xml:46:9-52:35
195            android:name="androidx.work.impl.background.systemjob.SystemJobService"
195-->[androidx.work:work-runtime:2.8.1] AndroidManifest.xml:47:13-84
196            android:directBootAware="false"
196-->[androidx.work:work-runtime:2.8.1] AndroidManifest.xml:48:13-44
197            android:enabled="@bool/enable_system_job_service_default"
197-->[androidx.work:work-runtime:2.8.1] AndroidManifest.xml:49:13-70
198            android:exported="true"
198-->[androidx.work:work-runtime:2.8.1] AndroidManifest.xml:50:13-36
199            android:permission="android.permission.BIND_JOB_SERVICE" />
199-->[androidx.work:work-runtime:2.8.1] AndroidManifest.xml:51:13-69
200        <service
200-->[androidx.work:work-runtime:2.8.1] AndroidManifest.xml:53:9-59:35
201            android:name="androidx.work.impl.foreground.SystemForegroundService"
201-->[androidx.work:work-runtime:2.8.1] AndroidManifest.xml:54:13-81
202            android:directBootAware="false"
202-->[androidx.work:work-runtime:2.8.1] AndroidManifest.xml:55:13-44
203            android:enabled="@bool/enable_system_foreground_service_default"
203-->[androidx.work:work-runtime:2.8.1] AndroidManifest.xml:56:13-77
204            android:exported="false" />
204-->[androidx.work:work-runtime:2.8.1] AndroidManifest.xml:57:13-37
205
206        <receiver
206-->[androidx.work:work-runtime:2.8.1] AndroidManifest.xml:61:9-66:35
207            android:name="androidx.work.impl.utils.ForceStopRunnable$BroadcastReceiver"
207-->[androidx.work:work-runtime:2.8.1] AndroidManifest.xml:62:13-88
208            android:directBootAware="false"
208-->[androidx.work:work-runtime:2.8.1] AndroidManifest.xml:63:13-44
209            android:enabled="true"
209-->[androidx.work:work-runtime:2.8.1] AndroidManifest.xml:64:13-35
210            android:exported="false" />
210-->[androidx.work:work-runtime:2.8.1] AndroidManifest.xml:65:13-37
211        <receiver
211-->[androidx.work:work-runtime:2.8.1] AndroidManifest.xml:67:9-77:20
212            android:name="androidx.work.impl.background.systemalarm.ConstraintProxy$BatteryChargingProxy"
212-->[androidx.work:work-runtime:2.8.1] AndroidManifest.xml:68:13-106
213            android:directBootAware="false"
213-->[androidx.work:work-runtime:2.8.1] AndroidManifest.xml:69:13-44
214            android:enabled="false"
214-->[androidx.work:work-runtime:2.8.1] AndroidManifest.xml:70:13-36
215            android:exported="false" >
215-->[androidx.work:work-runtime:2.8.1] AndroidManifest.xml:71:13-37
216            <intent-filter>
216-->[androidx.work:work-runtime:2.8.1] AndroidManifest.xml:73:13-76:29
217                <action android:name="android.intent.action.ACTION_POWER_CONNECTED" />
217-->[androidx.work:work-runtime:2.8.1] AndroidManifest.xml:74:17-87
217-->[androidx.work:work-runtime:2.8.1] AndroidManifest.xml:74:25-84
218                <action android:name="android.intent.action.ACTION_POWER_DISCONNECTED" />
218-->[androidx.work:work-runtime:2.8.1] AndroidManifest.xml:75:17-90
218-->[androidx.work:work-runtime:2.8.1] AndroidManifest.xml:75:25-87
219            </intent-filter>
220        </receiver>
221        <receiver
221-->[androidx.work:work-runtime:2.8.1] AndroidManifest.xml:78:9-88:20
222            android:name="androidx.work.impl.background.systemalarm.ConstraintProxy$BatteryNotLowProxy"
222-->[androidx.work:work-runtime:2.8.1] AndroidManifest.xml:79:13-104
223            android:directBootAware="false"
223-->[androidx.work:work-runtime:2.8.1] AndroidManifest.xml:80:13-44
224            android:enabled="false"
224-->[androidx.work:work-runtime:2.8.1] AndroidManifest.xml:81:13-36
225            android:exported="false" >
225-->[androidx.work:work-runtime:2.8.1] AndroidManifest.xml:82:13-37
226            <intent-filter>
226-->[androidx.work:work-runtime:2.8.1] AndroidManifest.xml:84:13-87:29
227                <action android:name="android.intent.action.BATTERY_OKAY" />
227-->[androidx.work:work-runtime:2.8.1] AndroidManifest.xml:85:17-77
227-->[androidx.work:work-runtime:2.8.1] AndroidManifest.xml:85:25-74
228                <action android:name="android.intent.action.BATTERY_LOW" />
228-->[androidx.work:work-runtime:2.8.1] AndroidManifest.xml:86:17-76
228-->[androidx.work:work-runtime:2.8.1] AndroidManifest.xml:86:25-73
229            </intent-filter>
230        </receiver>
231        <receiver
231-->[androidx.work:work-runtime:2.8.1] AndroidManifest.xml:89:9-99:20
232            android:name="androidx.work.impl.background.systemalarm.ConstraintProxy$StorageNotLowProxy"
232-->[androidx.work:work-runtime:2.8.1] AndroidManifest.xml:90:13-104
233            android:directBootAware="false"
233-->[androidx.work:work-runtime:2.8.1] AndroidManifest.xml:91:13-44
234            android:enabled="false"
234-->[androidx.work:work-runtime:2.8.1] AndroidManifest.xml:92:13-36
235            android:exported="false" >
235-->[androidx.work:work-runtime:2.8.1] AndroidManifest.xml:93:13-37
236            <intent-filter>
236-->[androidx.work:work-runtime:2.8.1] AndroidManifest.xml:95:13-98:29
237                <action android:name="android.intent.action.DEVICE_STORAGE_LOW" />
237-->[androidx.work:work-runtime:2.8.1] AndroidManifest.xml:96:17-83
237-->[androidx.work:work-runtime:2.8.1] AndroidManifest.xml:96:25-80
238                <action android:name="android.intent.action.DEVICE_STORAGE_OK" />
238-->[androidx.work:work-runtime:2.8.1] AndroidManifest.xml:97:17-82
238-->[androidx.work:work-runtime:2.8.1] AndroidManifest.xml:97:25-79
239            </intent-filter>
240        </receiver>
241        <receiver
241-->[androidx.work:work-runtime:2.8.1] AndroidManifest.xml:100:9-109:20
242            android:name="androidx.work.impl.background.systemalarm.ConstraintProxy$NetworkStateProxy"
242-->[androidx.work:work-runtime:2.8.1] AndroidManifest.xml:101:13-103
243            android:directBootAware="false"
243-->[androidx.work:work-runtime:2.8.1] AndroidManifest.xml:102:13-44
244            android:enabled="false"
244-->[androidx.work:work-runtime:2.8.1] AndroidManifest.xml:103:13-36
245            android:exported="false" >
245-->[androidx.work:work-runtime:2.8.1] AndroidManifest.xml:104:13-37
246            <intent-filter>
246-->[androidx.work:work-runtime:2.8.1] AndroidManifest.xml:106:13-108:29
247                <action android:name="android.net.conn.CONNECTIVITY_CHANGE" />
247-->[androidx.work:work-runtime:2.8.1] AndroidManifest.xml:107:17-79
247-->[androidx.work:work-runtime:2.8.1] AndroidManifest.xml:107:25-76
248            </intent-filter>
249        </receiver>
250        <receiver
250-->[androidx.work:work-runtime:2.8.1] AndroidManifest.xml:110:9-121:20
251            android:name="androidx.work.impl.background.systemalarm.RescheduleReceiver"
251-->[androidx.work:work-runtime:2.8.1] AndroidManifest.xml:111:13-88
252            android:directBootAware="false"
252-->[androidx.work:work-runtime:2.8.1] AndroidManifest.xml:112:13-44
253            android:enabled="false"
253-->[androidx.work:work-runtime:2.8.1] AndroidManifest.xml:113:13-36
254            android:exported="false" >
254-->[androidx.work:work-runtime:2.8.1] AndroidManifest.xml:114:13-37
255            <intent-filter>
255-->[androidx.work:work-runtime:2.8.1] AndroidManifest.xml:116:13-120:29
256                <action android:name="android.intent.action.BOOT_COMPLETED" />
256-->[androidx.work:work-runtime:2.8.1] AndroidManifest.xml:117:17-79
256-->[androidx.work:work-runtime:2.8.1] AndroidManifest.xml:117:25-76
257                <action android:name="android.intent.action.TIME_SET" />
257-->[androidx.work:work-runtime:2.8.1] AndroidManifest.xml:118:17-73
257-->[androidx.work:work-runtime:2.8.1] AndroidManifest.xml:118:25-70
258                <action android:name="android.intent.action.TIMEZONE_CHANGED" />
258-->[androidx.work:work-runtime:2.8.1] AndroidManifest.xml:119:17-81
258-->[androidx.work:work-runtime:2.8.1] AndroidManifest.xml:119:25-78
259            </intent-filter>
260        </receiver>
261        <receiver
261-->[androidx.work:work-runtime:2.8.1] AndroidManifest.xml:122:9-131:20
262            android:name="androidx.work.impl.background.systemalarm.ConstraintProxyUpdateReceiver"
262-->[androidx.work:work-runtime:2.8.1] AndroidManifest.xml:123:13-99
263            android:directBootAware="false"
263-->[androidx.work:work-runtime:2.8.1] AndroidManifest.xml:124:13-44
264            android:enabled="@bool/enable_system_alarm_service_default"
264-->[androidx.work:work-runtime:2.8.1] AndroidManifest.xml:125:13-72
265            android:exported="false" >
265-->[androidx.work:work-runtime:2.8.1] AndroidManifest.xml:126:13-37
266            <intent-filter>
266-->[androidx.work:work-runtime:2.8.1] AndroidManifest.xml:128:13-130:29
267                <action android:name="androidx.work.impl.background.systemalarm.UpdateProxies" />
267-->[androidx.work:work-runtime:2.8.1] AndroidManifest.xml:129:17-98
267-->[androidx.work:work-runtime:2.8.1] AndroidManifest.xml:129:25-95
268            </intent-filter>
269        </receiver>
270        <receiver
270-->[androidx.work:work-runtime:2.8.1] AndroidManifest.xml:132:9-142:20
271            android:name="androidx.work.impl.diagnostics.DiagnosticsReceiver"
271-->[androidx.work:work-runtime:2.8.1] AndroidManifest.xml:133:13-78
272            android:directBootAware="false"
272-->[androidx.work:work-runtime:2.8.1] AndroidManifest.xml:134:13-44
273            android:enabled="true"
273-->[androidx.work:work-runtime:2.8.1] AndroidManifest.xml:135:13-35
274            android:exported="true"
274-->[androidx.work:work-runtime:2.8.1] AndroidManifest.xml:136:13-36
275            android:permission="android.permission.DUMP" >
275-->[androidx.work:work-runtime:2.8.1] AndroidManifest.xml:137:13-57
276            <intent-filter>
276-->[androidx.work:work-runtime:2.8.1] AndroidManifest.xml:139:13-141:29
277                <action android:name="androidx.work.diagnostics.REQUEST_DIAGNOSTICS" />
277-->[androidx.work:work-runtime:2.8.1] AndroidManifest.xml:140:17-88
277-->[androidx.work:work-runtime:2.8.1] AndroidManifest.xml:140:25-85
278            </intent-filter>
279        </receiver>
280
281        <service
281-->[androidx.room:room-runtime:2.5.0] AndroidManifest.xml:24:9-28:63
282            android:name="androidx.room.MultiInstanceInvalidationService"
282-->[androidx.room:room-runtime:2.5.0] AndroidManifest.xml:25:13-74
283            android:directBootAware="true"
283-->[androidx.room:room-runtime:2.5.0] AndroidManifest.xml:26:13-43
284            android:exported="false" />
284-->[androidx.room:room-runtime:2.5.0] AndroidManifest.xml:27:13-37
285
286        <receiver
286-->[androidx.profileinstaller:profileinstaller:1.3.0] AndroidManifest.xml:34:9-52:20
287            android:name="androidx.profileinstaller.ProfileInstallReceiver"
287-->[androidx.profileinstaller:profileinstaller:1.3.0] AndroidManifest.xml:35:13-76
288            android:directBootAware="false"
288-->[androidx.profileinstaller:profileinstaller:1.3.0] AndroidManifest.xml:36:13-44
289            android:enabled="true"
289-->[androidx.profileinstaller:profileinstaller:1.3.0] AndroidManifest.xml:37:13-35
290            android:exported="true"
290-->[androidx.profileinstaller:profileinstaller:1.3.0] AndroidManifest.xml:38:13-36
291            android:permission="android.permission.DUMP" >
291-->[androidx.profileinstaller:profileinstaller:1.3.0] AndroidManifest.xml:39:13-57
292            <intent-filter>
292-->[androidx.profileinstaller:profileinstaller:1.3.0] AndroidManifest.xml:40:13-42:29
293                <action android:name="androidx.profileinstaller.action.INSTALL_PROFILE" />
293-->[androidx.profileinstaller:profileinstaller:1.3.0] AndroidManifest.xml:41:17-91
293-->[androidx.profileinstaller:profileinstaller:1.3.0] AndroidManifest.xml:41:25-88
294            </intent-filter>
295            <intent-filter>
295-->[androidx.profileinstaller:profileinstaller:1.3.0] AndroidManifest.xml:43:13-45:29
296                <action android:name="androidx.profileinstaller.action.SKIP_FILE" />
296-->[androidx.profileinstaller:profileinstaller:1.3.0] AndroidManifest.xml:44:17-85
296-->[androidx.profileinstaller:profileinstaller:1.3.0] AndroidManifest.xml:44:25-82
297            </intent-filter>
298            <intent-filter>
298-->[androidx.profileinstaller:profileinstaller:1.3.0] AndroidManifest.xml:46:13-48:29
299                <action android:name="androidx.profileinstaller.action.SAVE_PROFILE" />
299-->[androidx.profileinstaller:profileinstaller:1.3.0] AndroidManifest.xml:47:17-88
299-->[androidx.profileinstaller:profileinstaller:1.3.0] AndroidManifest.xml:47:25-85
300            </intent-filter>
301            <intent-filter>
301-->[androidx.profileinstaller:profileinstaller:1.3.0] AndroidManifest.xml:49:13-51:29
302                <action android:name="androidx.profileinstaller.action.BENCHMARK_OPERATION" />
302-->[androidx.profileinstaller:profileinstaller:1.3.0] AndroidManifest.xml:50:17-95
302-->[androidx.profileinstaller:profileinstaller:1.3.0] AndroidManifest.xml:50:25-92
303            </intent-filter>
304        </receiver>
305    </application>
306
307</manifest>